<?xml version="1.0" encoding="UTF-8"?>
<!-- Generated by org.testng.reporters.JUnitReportReporter -->
<testsuite skipped="0" hostname="DESKTOP-TB2SURE" name="com.OBSERVAMonitor.OBSERVAContinuityPage" tests="2" failures="0" timestamp="2019-10-04T13:06:11 BST" time="23.882" errors="0">
  <testcase name="loadurl" time="4.906" classname="com.OBSERVAMonitor.OBSERVAContinuityPage"/>
  <testcase name="ContinuityPage" time="18.976" classname="com.OBSERVAMonitor.OBSERVAContinuityPage"/>
</testsuite> <!-- com.OBSERVAMonitor.OBSERVAContinuityPage -->
