<?xml version="1.0" encoding="UTF-8"?>
<!-- Generated by org.testng.reporters.JUnitReportReporter -->
<testsuite skipped="0" hostname="DESKTOP-TB2SURE" name="BaseTest" tests="1" failures="0" timestamp="06 Aug 2019 08:47:48 GMT" time="0.005" errors="0">
  <testcase name="Setup" time="0.005" classname="BaseTest"/>
</testsuite> <!-- BaseTest -->
