<?xml version="1.0" encoding="UTF-8"?>
<!-- Generated by org.testng.reporters.JUnitReportReporter -->
<testsuite skipped="0" hostname="DESKTOP-TB2SURE" name="com.OBSERVAMonitor.OBSERVAInputPage" tests="1" failures="0" timestamp="04 Sep 2019 12:14:30 GMT" time="31.649" errors="0">
  <testcase name="InputPage" time="31.649" classname="com.OBSERVAMonitor.OBSERVAInputPage"/>
</testsuite> <!-- com.OBSERVAMonitor.OBSERVAInputPage -->
