<?xml version="1.0" encoding="UTF-8"?>
<!-- Generated by org.testng.reporters.JUnitReportReporter -->
<testsuite skipped="0" hostname="DESKTOP-TB2SURE" name="com.OBSERVAMonitor.OBSERVADashboardPage" tests="2" failures="0" timestamp="04 Sep 2019 11:47:37 GMT" time="95.570" errors="0">
  <testcase name="DashboardPage" time="14.612" classname="com.OBSERVAMonitor.OBSERVADashboardPage"/>
  <testcase name="DashboardPageFooter" time="80.958" classname="com.OBSERVAMonitor.OBSERVADashboardPage"/>
</testsuite> <!-- com.OBSERVAMonitor.OBSERVADashboardPage -->
