<?xml version="1.0" encoding="UTF-8"?>
<!-- Generated by org.testng.reporters.JUnitReportReporter -->
<testsuite skipped="0" hostname="DESKTOP-TB2SURE" name="com.OBSERVAMonitor.BaseTest" tests="1" failures="0" timestamp="2019-10-28T17:24:57 GMT" time="4.738" errors="0">
  <testcase name="loadurl" time="4.738" classname="com.OBSERVAMonitor.BaseTest"/>
</testsuite> <!-- com.OBSERVAMonitor.BaseTest -->
