<?xml version="1.0" encoding="UTF-8"?>
<!-- Generated by org.testng.reporters.JUnitReportReporter -->
<testsuite skipped="0" hostname="DESKTOP-TB2SURE" name="com.OBSERVAMonitor.OBSERVASilencePageOriginal" tests="1" failures="0" timestamp="2020-01-08T06:03:06 GMT" time="32.704" errors="0">
  <testcase name="OverallInputAlarms" time="32.704" classname="com.OBSERVAMonitor.OBSERVASilencePageOriginal"/>
</testsuite> <!-- com.OBSERVAMonitor.OBSERVASilencePageOriginal -->
