<?xml version="1.0" encoding="UTF-8"?>
<!-- Generated by org.testng.reporters.JUnitReportReporter -->
<testsuite skipped="0" hostname="DESKTOP-TB2SURE" name="com.OBSERVAMonitor.OBSERVAInputPage" tests="5" failures="0" timestamp="2020-01-07T13:21:52 GMT" time="117.657" errors="0">
  <testcase name="EDI1" time="45.311" classname="com.OBSERVAMonitor.OBSERVAInputPage"/>
  <testcase name="Continuitypage" time="15.678" classname="com.OBSERVAMonitor.OBSERVAInputPage"/>
  <testcase name="ContentPage" time="23.356" classname="com.OBSERVAMonitor.OBSERVAInputPage"/>
  <testcase name="SilencePage" time="19.396" classname="com.OBSERVAMonitor.OBSERVAInputPage"/>
  <testcase name="ReconfigPage" time="13.916" classname="com.OBSERVAMonitor.OBSERVAInputPage"/>
</testsuite> <!-- com.OBSERVAMonitor.OBSERVAInputPage -->
