<?xml version="1.0" encoding="UTF-8"?>
<!-- Generated by org.testng.reporters.JUnitReportReporter -->
<testsuite skipped="0" hostname="DESKTOP-TB2SURE" name="com.OBSERVAMonitor.OBSERVADashboardPage" tests="1" failures="0" timestamp="2020-01-07T11:46:03 GMT" time="39.251" errors="0">
  <testcase name="elinksLeftPanel" time="39.251" classname="com.OBSERVAMonitor.OBSERVADashboardPage"/>
</testsuite> <!-- com.OBSERVAMonitor.OBSERVADashboardPage -->
