<?xml version="1.0" encoding="UTF-8"?>
<!-- Generated by org.testng.reporters.JUnitReportReporter -->
<testsuite skipped="0" hostname="DESKTOP-TB2SURE" name="com.OBSERVAMonitor.DashboardPage" tests="1" failures="0" timestamp="10 Sep 2019 13:39:39 GMT" time="2.398" errors="0">
  <testcase name="loadurl" time="2.398" classname="com.OBSERVAMonitor.DashboardPage"/>
</testsuite> <!-- com.OBSERVAMonitor.DashboardPage -->
