<?xml version="1.0" encoding="UTF-8"?>
<!-- Generated by org.testng.reporters.JUnitReportReporter -->
<testsuite skipped="0" hostname="DESKTOP-TB2SURE" name="com.OBSERVAMonitor.BaseTest" tests="1" failures="0" timestamp="06 Aug 2019 12:58:50 GMT" time="0.006" errors="0">
  <testcase name="Set" time="0.006" classname="com.OBSERVAMonitor.BaseTest"/>
</testsuite> <!-- com.OBSERVAMonitor.BaseTest -->
