<?xml version="1.0" encoding="UTF-8"?>
<!-- Generated by org.testng.reporters.JUnitReportReporter -->
<testsuite skipped="0" hostname="DESKTOP-TB2SURE" name="com.OBSERVAMonitor.OBSERVAContinuityPage" tests="1" failures="0" timestamp="2020-01-07T15:13:24 GMT" time="262.432" errors="0">
  <testcase name="tblFirstInputW" time="262.432" classname="com.OBSERVAMonitor.OBSERVAContinuityPage"/>
</testsuite> <!-- com.OBSERVAMonitor.OBSERVAContinuityPage -->
