<?xml version="1.0" encoding="UTF-8"?>
<!-- Generated by org.testng.reporters.JUnitReportReporter -->
<testsuite skipped="0" hostname="DESKTOP-TB2SURE" name="com.OBSERVAMonitor.OBSERVASilencePage" tests="1" failures="0" timestamp="2019-12-04T04:52:54 GMT" time="54.267" errors="0">
  <testcase name="OverallSilenceSettings" time="54.267" classname="com.OBSERVAMonitor.OBSERVASilencePage"/>
</testsuite> <!-- com.OBSERVAMonitor.OBSERVASilencePage -->
